<?xml version="1.0" encoding="UTF-8"?>
<!-- Generated by org.testng.reporters.JUnitReportReporter -->
<testsuite hostname="MINTBLR0160Z1B" name="pages.ToolsQATest" tests="1" failures="0" timestamp="10 Jul 2019 06:31:49 GMT" time="19.301" errors="0">
  <testcase name="testDemoQA" time="19.301" classname="pages.ToolsQATest"/>
</testsuite> <!-- pages.ToolsQATest -->
