<?xml version="1.0" encoding="UTF-8"?>
<!-- Generated by org.testng.reporters.JUnitReportReporter -->
<testsuite hostname="MINTBLR0160Z1B" name="pages.STMPage"
	tests="1" failures="0" timestamp="24 Jun 2019 08:43:31 GMT"
	time="8.990" errors="0">
	<testcase name="captureScreenshot" time="8.990"
		classname="pages.STMPage" />
</testsuite> <!-- pages.STMPage -->
